<?xml version="1.0" encoding="UTF-8"?>
<robot generator="Robot 6.1.1 (Python 3.10.12 on linux)" generated="20241118 19:52:51.896" rpa="false" schemaversion="4">
<suite id="s1" name="Register" source="/home/rexera/palautusrepositorio/viikko3/web-login/src/tests/register.robot">
<kw name="Open And Configure Browser" library="resource" type="SETUP">
<if>
<branch type="IF" condition="$BROWSER == 'chrome'">
<kw name="Evaluate" library="BuiltIn">
<var>${options}</var>
<arg>sys.modules['selenium.webdriver'].ChromeOptions()</arg>
<arg>sys</arg>
<doc>Evaluates the given expression in Python and returns the result.</doc>
<msg timestamp="20241118 19:52:52.161" level="INFO">${options} = &lt;selenium.webdriver.chrome.options.Options object at 0x7f3dc48c7d90&gt;</msg>
<status status="PASS" starttime="20241118 19:52:52.161" endtime="20241118 19:52:52.162"/>
</kw>
<status status="PASS" starttime="20241118 19:52:52.143" endtime="20241118 19:52:52.162"/>
</branch>
<branch type="ELSE IF" condition="$BROWSER == 'firefox'">
<kw name="Evaluate" library="BuiltIn">
<var>${options}</var>
<arg>sys.modules['selenium.webdriver'].FirefoxOptions()</arg>
<arg>sys</arg>
<doc>Evaluates the given expression in Python and returns the result.</doc>
<status status="NOT RUN" starttime="20241118 19:52:52.162" endtime="20241118 19:52:52.162"/>
</kw>
<status status="NOT RUN" starttime="20241118 19:52:52.162" endtime="20241118 19:52:52.162"/>
</branch>
<status status="PASS" starttime="20241118 19:52:52.143" endtime="20241118 19:52:52.162"/>
</if>
<if>
<branch type="IF" condition="$HEADLESS == 'true'">
<kw name="Set Selenium Speed" library="SeleniumLibrary">
<arg>0</arg>
<doc>Sets the delay that is waited after each Selenium command.</doc>
<status status="NOT RUN" starttime="20241118 19:52:52.162" endtime="20241118 19:52:52.162"/>
</kw>
<kw name="Call Method" library="BuiltIn">
<arg>${options}</arg>
<arg>add_argument</arg>
<arg>--headless</arg>
<doc>Calls the named method of the given object with the provided arguments.</doc>
<status status="NOT RUN" starttime="20241118 19:52:52.162" endtime="20241118 19:52:52.162"/>
</kw>
<status status="NOT RUN" starttime="20241118 19:52:52.162" endtime="20241118 19:52:52.162"/>
</branch>
<branch type="ELSE">
<kw name="Set Selenium Speed" library="SeleniumLibrary">
<arg>${DELAY}</arg>
<doc>Sets the delay that is waited after each Selenium command.</doc>
<status status="PASS" starttime="20241118 19:52:52.163" endtime="20241118 19:52:52.163"/>
</kw>
<status status="PASS" starttime="20241118 19:52:52.162" endtime="20241118 19:52:52.163"/>
</branch>
<status status="PASS" starttime="20241118 19:52:52.162" endtime="20241118 19:52:52.163"/>
</if>
<kw name="Open Browser" library="SeleniumLibrary">
<arg>browser=${BROWSER}</arg>
<arg>options=${options}</arg>
<doc>Opens a new browser instance to the optional ``url``.</doc>
<msg timestamp="20241118 19:52:52.164" level="INFO">Opening browser 'chrome' to base url 'None'.</msg>
<status status="PASS" starttime="20241118 19:52:52.163" endtime="20241118 19:52:52.929"/>
</kw>
<status status="PASS" starttime="20241118 19:52:52.143" endtime="20241118 19:52:52.930"/>
</kw>
<test id="s1-t1" name="Register With Valid Username And Password" line="9">
<kw name="Reset Application Create User And Go To Register Page" library="resource" type="SETUP">
<kw name="Reset Application" library="AppLibrary">
<status status="PASS" starttime="20241118 19:52:52.931" endtime="20241118 19:52:52.938"/>
</kw>
<kw name="Go To Register Page" library="resource">
<kw name="Go To" library="SeleniumLibrary">
<arg>${REGISTER_URL}</arg>
<doc>Navigates the current browser window to the provided ``url``.</doc>
<msg timestamp="20241118 19:52:52.940" level="INFO">Opening url 'http://localhost:5001/register'</msg>
<status status="PASS" starttime="20241118 19:52:52.939" endtime="20241118 19:52:53.568"/>
</kw>
<status status="PASS" starttime="20241118 19:52:52.938" endtime="20241118 19:52:53.568"/>
</kw>
<status status="PASS" starttime="20241118 19:52:52.931" endtime="20241118 19:52:53.568"/>
</kw>
<kw name="Set Username">
<arg>validuser</arg>
<kw name="Input Text" library="SeleniumLibrary">
<arg>username</arg>
<arg>${username}</arg>
<doc>Types the given ``text`` into the text field identified by ``locator``.</doc>
<msg timestamp="20241118 19:52:53.571" level="INFO">Typing text 'validuser' into text field 'username'.</msg>
<status status="PASS" starttime="20241118 19:52:53.570" endtime="20241118 19:52:55.251"/>
</kw>
<status status="PASS" starttime="20241118 19:52:53.569" endtime="20241118 19:52:55.251"/>
</kw>
<kw name="Set Password">
<arg>ValidPass123</arg>
<kw name="Input Text" library="SeleniumLibrary">
<arg>password</arg>
<arg>${password}</arg>
<doc>Types the given ``text`` into the text field identified by ``locator``.</doc>
<msg timestamp="20241118 19:52:55.254" level="INFO">Typing text 'ValidPass123' into text field 'password'.</msg>
<status status="PASS" starttime="20241118 19:52:55.253" endtime="20241118 19:52:56.912"/>
</kw>
<status status="PASS" starttime="20241118 19:52:55.252" endtime="20241118 19:52:56.912"/>
</kw>
<kw name="Confirm Password">
<arg>ValidPass123</arg>
<kw name="Input Text" library="SeleniumLibrary">
<arg>password_confirmation</arg>
<arg>${password_confirmation}</arg>
<doc>Types the given ``text`` into the text field identified by ``locator``.</doc>
<msg timestamp="20241118 19:52:56.916" level="INFO">Typing text 'ValidPass123' into text field 'password_confirmation'.</msg>
<status status="PASS" starttime="20241118 19:52:56.915" endtime="20241118 19:52:58.566"/>
</kw>
<status status="PASS" starttime="20241118 19:52:56.913" endtime="20241118 19:52:58.567"/>
</kw>
<kw name="Submit Registration">
<kw name="Click Button" library="SeleniumLibrary">
<arg>Register</arg>
<doc>Clicks the button identified by ``locator``.</doc>
<msg timestamp="20241118 19:52:58.570" level="INFO">Clicking button 'Register'.</msg>
<status status="PASS" starttime="20241118 19:52:58.569" endtime="20241118 19:53:00.727"/>
</kw>
<status status="PASS" starttime="20241118 19:52:58.568" endtime="20241118 19:53:00.727"/>
</kw>
<kw name="Registration Should Succeed">
<kw name="Main Page Should Be Open" library="resource">
<kw name="Title Should Be" library="SeleniumLibrary">
<arg>Welcome to Ohtu Application!</arg>
<doc>Verifies that the current page title equals ``title``.</doc>
<msg timestamp="20241118 19:53:01.241" level="INFO">Page title is 'Welcome to Ohtu Application!'.</msg>
<status status="PASS" starttime="20241118 19:53:00.729" endtime="20241118 19:53:01.241"/>
</kw>
<kw name="Page Should Contain Element" library="SeleniumLibrary">
<arg>link=Logout</arg>
<doc>Verifies that element ``locator`` is found on the current page.</doc>
<msg timestamp="20241118 19:53:02.860" level="INFO" html="true">&lt;/td&gt;&lt;/tr&gt;&lt;tr&gt;&lt;td colspan="3"&gt;&lt;a href="selenium-screenshot-11.png"&gt;&lt;img src="selenium-screenshot-11.png" width="800px"&gt;&lt;/a&gt;</msg>
<msg timestamp="20241118 19:53:02.860" level="FAIL">Page should have contained element 'link=Logout' but did not.</msg>
<status status="FAIL" starttime="20241118 19:53:01.241" endtime="20241118 19:53:02.862"/>
</kw>
<status status="FAIL" starttime="20241118 19:53:00.728" endtime="20241118 19:53:02.862"/>
</kw>
<status status="FAIL" starttime="20241118 19:53:00.728" endtime="20241118 19:53:02.862"/>
</kw>
<status status="FAIL" starttime="20241118 19:52:52.930" endtime="20241118 19:53:02.863">Page should have contained element 'link=Logout' but did not.</status>
</test>
<test id="s1-t2" name="Register With Too Short Username And Valid Password" line="16">
<kw name="Reset Application Create User And Go To Register Page" library="resource" type="SETUP">
<kw name="Reset Application" library="AppLibrary">
<status status="PASS" starttime="20241118 19:53:02.865" endtime="20241118 19:53:02.870"/>
</kw>
<kw name="Go To Register Page" library="resource">
<kw name="Go To" library="SeleniumLibrary">
<arg>${REGISTER_URL}</arg>
<doc>Navigates the current browser window to the provided ``url``.</doc>
<msg timestamp="20241118 19:53:02.872" level="INFO">Opening url 'http://localhost:5001/register'</msg>
<status status="PASS" starttime="20241118 19:53:02.871" endtime="20241118 19:53:03.424"/>
</kw>
<status status="PASS" starttime="20241118 19:53:02.871" endtime="20241118 19:53:03.424"/>
</kw>
<status status="PASS" starttime="20241118 19:53:02.865" endtime="20241118 19:53:03.424"/>
</kw>
<kw name="Set Username">
<arg>le</arg>
<kw name="Input Text" library="SeleniumLibrary">
<arg>username</arg>
<arg>${username}</arg>
<doc>Types the given ``text`` into the text field identified by ``locator``.</doc>
<msg timestamp="20241118 19:53:03.427" level="INFO">Typing text 'le' into text field 'username'.</msg>
<status status="PASS" starttime="20241118 19:53:03.426" endtime="20241118 19:53:05.058"/>
</kw>
<status status="PASS" starttime="20241118 19:53:03.425" endtime="20241118 19:53:05.059"/>
</kw>
<kw name="Set Password">
<arg>ValidPass123</arg>
<kw name="Input Text" library="SeleniumLibrary">
<arg>password</arg>
<arg>${password}</arg>
<doc>Types the given ``text`` into the text field identified by ``locator``.</doc>
<msg timestamp="20241118 19:53:05.061" level="INFO">Typing text 'ValidPass123' into text field 'password'.</msg>
<status status="PASS" starttime="20241118 19:53:05.060" endtime="20241118 19:53:06.697"/>
</kw>
<status status="PASS" starttime="20241118 19:53:05.059" endtime="20241118 19:53:06.697"/>
</kw>
<kw name="Confirm Password">
<arg>ValidPass123</arg>
<kw name="Input Text" library="SeleniumLibrary">
<arg>password_confirmation</arg>
<arg>${password_confirmation}</arg>
<doc>Types the given ``text`` into the text field identified by ``locator``.</doc>
<msg timestamp="20241118 19:53:06.700" level="INFO">Typing text 'ValidPass123' into text field 'password_confirmation'.</msg>
<status status="PASS" starttime="20241118 19:53:06.699" endtime="20241118 19:53:08.326"/>
</kw>
<status status="PASS" starttime="20241118 19:53:06.698" endtime="20241118 19:53:08.326"/>
</kw>
<kw name="Submit Registration">
<kw name="Click Button" library="SeleniumLibrary">
<arg>Register</arg>
<doc>Clicks the button identified by ``locator``.</doc>
<msg timestamp="20241118 19:53:08.329" level="INFO">Clicking button 'Register'.</msg>
<status status="PASS" starttime="20241118 19:53:08.328" endtime="20241118 19:53:10.452"/>
</kw>
<status status="PASS" starttime="20241118 19:53:08.327" endtime="20241118 19:53:10.452"/>
</kw>
<kw name="Registration Should Fail With Message">
<arg>Username must be at least 3 characters long</arg>
<kw name="Register Page Should Be Open" library="resource">
<kw name="Title Should Be" library="SeleniumLibrary">
<arg>Register</arg>
<doc>Verifies that the current page title equals ``title``.</doc>
<msg timestamp="20241118 19:53:10.964" level="INFO">Page title is 'Register'.</msg>
<status status="PASS" starttime="20241118 19:53:10.455" endtime="20241118 19:53:10.964"/>
</kw>
<status status="PASS" starttime="20241118 19:53:10.454" endtime="20241118 19:53:10.964"/>
</kw>
<kw name="Page Should Contain" library="SeleniumLibrary">
<arg>${message}</arg>
<doc>Verifies that current page contains ``text``.</doc>
<msg timestamp="20241118 19:53:12.000" level="INFO">Current page contains text 'Username must be at least 3 characters long'.</msg>
<status status="PASS" starttime="20241118 19:53:10.965" endtime="20241118 19:53:12.001"/>
</kw>
<status status="PASS" starttime="20241118 19:53:10.453" endtime="20241118 19:53:12.001"/>
</kw>
<status status="PASS" starttime="20241118 19:53:02.864" endtime="20241118 19:53:12.002"/>
</test>
<test id="s1-t3" name="Register With Valid Username And Too Short Password" line="23">
<kw name="Reset Application Create User And Go To Register Page" library="resource" type="SETUP">
<kw name="Reset Application" library="AppLibrary">
<status status="PASS" starttime="20241118 19:53:12.004" endtime="20241118 19:53:12.010"/>
</kw>
<kw name="Go To Register Page" library="resource">
<kw name="Go To" library="SeleniumLibrary">
<arg>${REGISTER_URL}</arg>
<doc>Navigates the current browser window to the provided ``url``.</doc>
<msg timestamp="20241118 19:53:12.011" level="INFO">Opening url 'http://localhost:5001/register'</msg>
<status status="PASS" starttime="20241118 19:53:12.011" endtime="20241118 19:53:12.555"/>
</kw>
<status status="PASS" starttime="20241118 19:53:12.010" endtime="20241118 19:53:12.555"/>
</kw>
<status status="PASS" starttime="20241118 19:53:12.004" endtime="20241118 19:53:12.555"/>
</kw>
<kw name="Set Username">
<arg>validuser</arg>
<kw name="Input Text" library="SeleniumLibrary">
<arg>username</arg>
<arg>${username}</arg>
<doc>Types the given ``text`` into the text field identified by ``locator``.</doc>
<msg timestamp="20241118 19:53:12.558" level="INFO">Typing text 'validuser' into text field 'username'.</msg>
<status status="PASS" starttime="20241118 19:53:12.557" endtime="20241118 19:53:14.199"/>
</kw>
<status status="PASS" starttime="20241118 19:53:12.556" endtime="20241118 19:53:14.199"/>
</kw>
<kw name="Set Password">
<arg>short</arg>
<kw name="Input Text" library="SeleniumLibrary">
<arg>password</arg>
<arg>${password}</arg>
<doc>Types the given ``text`` into the text field identified by ``locator``.</doc>
<msg timestamp="20241118 19:53:14.201" level="INFO">Typing text 'short' into text field 'password'.</msg>
<status status="PASS" starttime="20241118 19:53:14.200" endtime="20241118 19:53:15.848"/>
</kw>
<status status="PASS" starttime="20241118 19:53:14.199" endtime="20241118 19:53:15.848"/>
</kw>
<kw name="Confirm Password">
<arg>short</arg>
<kw name="Input Text" library="SeleniumLibrary">
<arg>password_confirmation</arg>
<arg>${password_confirmation}</arg>
<doc>Types the given ``text`` into the text field identified by ``locator``.</doc>
<msg timestamp="20241118 19:53:15.851" level="INFO">Typing text 'short' into text field 'password_confirmation'.</msg>
<status status="PASS" starttime="20241118 19:53:15.849" endtime="20241118 19:53:17.489"/>
</kw>
<status status="PASS" starttime="20241118 19:53:15.848" endtime="20241118 19:53:17.489"/>
</kw>
<kw name="Submit Registration">
<kw name="Click Button" library="SeleniumLibrary">
<arg>Register</arg>
<doc>Clicks the button identified by ``locator``.</doc>
<msg timestamp="20241118 19:53:17.493" level="INFO">Clicking button 'Register'.</msg>
<status status="PASS" starttime="20241118 19:53:17.491" endtime="20241118 19:53:19.643"/>
</kw>
<status status="PASS" starttime="20241118 19:53:17.490" endtime="20241118 19:53:19.643"/>
</kw>
<kw name="Registration Should Fail With Message">
<arg>Password must be at least 8 characters long</arg>
<kw name="Register Page Should Be Open" library="resource">
<kw name="Title Should Be" library="SeleniumLibrary">
<arg>Register</arg>
<doc>Verifies that the current page title equals ``title``.</doc>
<msg timestamp="20241118 19:53:20.153" level="INFO">Page title is 'Register'.</msg>
<status status="PASS" starttime="20241118 19:53:19.644" endtime="20241118 19:53:20.153"/>
</kw>
<status status="PASS" starttime="20241118 19:53:19.644" endtime="20241118 19:53:20.153"/>
</kw>
<kw name="Page Should Contain" library="SeleniumLibrary">
<arg>${message}</arg>
<doc>Verifies that current page contains ``text``.</doc>
<msg timestamp="20241118 19:53:21.184" level="INFO">Current page contains text 'Password must be at least 8 characters long'.</msg>
<status status="PASS" starttime="20241118 19:53:20.154" endtime="20241118 19:53:21.184"/>
</kw>
<status status="PASS" starttime="20241118 19:53:19.644" endtime="20241118 19:53:21.185"/>
</kw>
<status status="PASS" starttime="20241118 19:53:12.003" endtime="20241118 19:53:21.185"/>
</test>
<test id="s1-t4" name="Register With Valid Username And Invalid Password" line="30">
<kw name="Reset Application Create User And Go To Register Page" library="resource" type="SETUP">
<kw name="Reset Application" library="AppLibrary">
<status status="PASS" starttime="20241118 19:53:21.187" endtime="20241118 19:53:21.191"/>
</kw>
<kw name="Go To Register Page" library="resource">
<kw name="Go To" library="SeleniumLibrary">
<arg>${REGISTER_URL}</arg>
<doc>Navigates the current browser window to the provided ``url``.</doc>
<msg timestamp="20241118 19:53:21.192" level="INFO">Opening url 'http://localhost:5001/register'</msg>
<status status="PASS" starttime="20241118 19:53:21.192" endtime="20241118 19:53:21.735"/>
</kw>
<status status="PASS" starttime="20241118 19:53:21.191" endtime="20241118 19:53:21.736"/>
</kw>
<status status="PASS" starttime="20241118 19:53:21.186" endtime="20241118 19:53:21.736"/>
</kw>
<kw name="Set Username">
<arg>validuser</arg>
<kw name="Input Text" library="SeleniumLibrary">
<arg>username</arg>
<arg>${username}</arg>
<doc>Types the given ``text`` into the text field identified by ``locator``.</doc>
<msg timestamp="20241118 19:53:21.738" level="INFO">Typing text 'validuser' into text field 'username'.</msg>
<status status="PASS" starttime="20241118 19:53:21.737" endtime="20241118 19:53:23.393"/>
</kw>
<status status="PASS" starttime="20241118 19:53:21.736" endtime="20241118 19:53:23.393"/>
</kw>
<kw name="Set Password">
<arg>onlyletters</arg>
<kw name="Input Text" library="SeleniumLibrary">
<arg>password</arg>
<arg>${password}</arg>
<doc>Types the given ``text`` into the text field identified by ``locator``.</doc>
<msg timestamp="20241118 19:53:23.395" level="INFO">Typing text 'onlyletters' into text field 'password'.</msg>
<status status="PASS" starttime="20241118 19:53:23.394" endtime="20241118 19:53:25.025"/>
</kw>
<status status="PASS" starttime="20241118 19:53:23.393" endtime="20241118 19:53:25.025"/>
</kw>
<kw name="Confirm Password">
<arg>onlyletters</arg>
<kw name="Input Text" library="SeleniumLibrary">
<arg>password_confirmation</arg>
<arg>${password_confirmation}</arg>
<doc>Types the given ``text`` into the text field identified by ``locator``.</doc>
<msg timestamp="20241118 19:53:25.027" level="INFO">Typing text 'onlyletters' into text field 'password_confirmation'.</msg>
<status status="PASS" starttime="20241118 19:53:25.026" endtime="20241118 19:53:26.685"/>
</kw>
<status status="PASS" starttime="20241118 19:53:25.025" endtime="20241118 19:53:26.686"/>
</kw>
<kw name="Submit Registration">
<kw name="Click Button" library="SeleniumLibrary">
<arg>Register</arg>
<doc>Clicks the button identified by ``locator``.</doc>
<msg timestamp="20241118 19:53:26.691" level="INFO">Clicking button 'Register'.</msg>
<status status="PASS" starttime="20241118 19:53:26.687" endtime="20241118 19:53:28.806"/>
</kw>
<status status="PASS" starttime="20241118 19:53:26.686" endtime="20241118 19:53:28.806"/>
</kw>
<kw name="Registration Should Fail With Message">
<arg>Password must include at least one number or special character</arg>
<kw name="Register Page Should Be Open" library="resource">
<kw name="Title Should Be" library="SeleniumLibrary">
<arg>Register</arg>
<doc>Verifies that the current page title equals ``title``.</doc>
<msg timestamp="20241118 19:53:29.316" level="INFO">Page title is 'Register'.</msg>
<status status="PASS" starttime="20241118 19:53:28.807" endtime="20241118 19:53:29.316"/>
</kw>
<status status="PASS" starttime="20241118 19:53:28.807" endtime="20241118 19:53:29.316"/>
</kw>
<kw name="Page Should Contain" library="SeleniumLibrary">
<arg>${message}</arg>
<doc>Verifies that current page contains ``text``.</doc>
<msg timestamp="20241118 19:53:30.348" level="INFO">Current page contains text 'Password must include at least one number or special character'.</msg>
<status status="PASS" starttime="20241118 19:53:29.317" endtime="20241118 19:53:30.349"/>
</kw>
<status status="PASS" starttime="20241118 19:53:28.806" endtime="20241118 19:53:30.349"/>
</kw>
<status status="PASS" starttime="20241118 19:53:21.186" endtime="20241118 19:53:30.349"/>
</test>
<test id="s1-t5" name="Register With Nonmatching Password And Password Confirmation" line="37">
<kw name="Reset Application Create User And Go To Register Page" library="resource" type="SETUP">
<kw name="Reset Application" library="AppLibrary">
<status status="PASS" starttime="20241118 19:53:30.351" endtime="20241118 19:53:30.358"/>
</kw>
<kw name="Go To Register Page" library="resource">
<kw name="Go To" library="SeleniumLibrary">
<arg>${REGISTER_URL}</arg>
<doc>Navigates the current browser window to the provided ``url``.</doc>
<msg timestamp="20241118 19:53:30.359" level="INFO">Opening url 'http://localhost:5001/register'</msg>
<status status="PASS" starttime="20241118 19:53:30.358" endtime="20241118 19:53:30.899"/>
</kw>
<status status="PASS" starttime="20241118 19:53:30.358" endtime="20241118 19:53:30.899"/>
</kw>
<status status="PASS" starttime="20241118 19:53:30.351" endtime="20241118 19:53:30.899"/>
</kw>
<kw name="Set Username">
<arg>validuser</arg>
<kw name="Input Text" library="SeleniumLibrary">
<arg>username</arg>
<arg>${username}</arg>
<doc>Types the given ``text`` into the text field identified by ``locator``.</doc>
<msg timestamp="20241118 19:53:30.900" level="INFO">Typing text 'validuser' into text field 'username'.</msg>
<status status="PASS" starttime="20241118 19:53:30.900" endtime="20241118 19:53:32.526"/>
</kw>
<status status="PASS" starttime="20241118 19:53:30.899" endtime="20241118 19:53:32.526"/>
</kw>
<kw name="Set Password">
<arg>ValidPass123</arg>
<kw name="Input Text" library="SeleniumLibrary">
<arg>password</arg>
<arg>${password}</arg>
<doc>Types the given ``text`` into the text field identified by ``locator``.</doc>
<msg timestamp="20241118 19:53:32.528" level="INFO">Typing text 'ValidPass123' into text field 'password'.</msg>
<status status="PASS" starttime="20241118 19:53:32.527" endtime="20241118 19:53:34.145"/>
</kw>
<status status="PASS" starttime="20241118 19:53:32.527" endtime="20241118 19:53:34.145"/>
</kw>
<kw name="Confirm Password">
<arg>DifferentPass123</arg>
<kw name="Input Text" library="SeleniumLibrary">
<arg>password_confirmation</arg>
<arg>${password_confirmation}</arg>
<doc>Types the given ``text`` into the text field identified by ``locator``.</doc>
<msg timestamp="20241118 19:53:34.147" level="INFO">Typing text 'DifferentPass123' into text field 'password_confirmation'.</msg>
<status status="PASS" starttime="20241118 19:53:34.146" endtime="20241118 19:53:35.765"/>
</kw>
<status status="PASS" starttime="20241118 19:53:34.145" endtime="20241118 19:53:35.765"/>
</kw>
<kw name="Submit Registration">
<kw name="Click Button" library="SeleniumLibrary">
<arg>Register</arg>
<doc>Clicks the button identified by ``locator``.</doc>
<msg timestamp="20241118 19:53:35.767" level="INFO">Clicking button 'Register'.</msg>
<status status="PASS" starttime="20241118 19:53:35.766" endtime="20241118 19:53:37.879"/>
</kw>
<status status="PASS" starttime="20241118 19:53:35.766" endtime="20241118 19:53:37.880"/>
</kw>
<kw name="Registration Should Fail With Message">
<arg>Passwords do not match</arg>
<kw name="Register Page Should Be Open" library="resource">
<kw name="Title Should Be" library="SeleniumLibrary">
<arg>Register</arg>
<doc>Verifies that the current page title equals ``title``.</doc>
<msg timestamp="20241118 19:53:38.389" level="INFO">Page title is 'Register'.</msg>
<status status="PASS" starttime="20241118 19:53:37.881" endtime="20241118 19:53:38.390"/>
</kw>
<status status="PASS" starttime="20241118 19:53:37.880" endtime="20241118 19:53:38.390"/>
</kw>
<kw name="Page Should Contain" library="SeleniumLibrary">
<arg>${message}</arg>
<doc>Verifies that current page contains ``text``.</doc>
<msg timestamp="20241118 19:53:39.420" level="INFO">Current page contains text 'Passwords do not match'.</msg>
<status status="PASS" starttime="20241118 19:53:38.390" endtime="20241118 19:53:39.420"/>
</kw>
<status status="PASS" starttime="20241118 19:53:37.880" endtime="20241118 19:53:39.421"/>
</kw>
<status status="PASS" starttime="20241118 19:53:30.350" endtime="20241118 19:53:39.421"/>
</test>
<test id="s1-t6" name="Register With Username That Is Already In Use" line="44">
<kw name="Reset Application Create User And Go To Register Page" library="resource" type="SETUP">
<kw name="Reset Application" library="AppLibrary">
<status status="PASS" starttime="20241118 19:53:39.423" endtime="20241118 19:53:39.428"/>
</kw>
<kw name="Go To Register Page" library="resource">
<kw name="Go To" library="SeleniumLibrary">
<arg>${REGISTER_URL}</arg>
<doc>Navigates the current browser window to the provided ``url``.</doc>
<msg timestamp="20241118 19:53:39.429" level="INFO">Opening url 'http://localhost:5001/register'</msg>
<status status="PASS" starttime="20241118 19:53:39.428" endtime="20241118 19:53:39.955"/>
</kw>
<status status="PASS" starttime="20241118 19:53:39.428" endtime="20241118 19:53:39.955"/>
</kw>
<status status="PASS" starttime="20241118 19:53:39.422" endtime="20241118 19:53:39.955"/>
</kw>
<kw name="Set Username">
<arg>validuser</arg>
<kw name="Input Text" library="SeleniumLibrary">
<arg>username</arg>
<arg>${username}</arg>
<doc>Types the given ``text`` into the text field identified by ``locator``.</doc>
<msg timestamp="20241118 19:53:39.958" level="INFO">Typing text 'validuser' into text field 'username'.</msg>
<status status="PASS" starttime="20241118 19:53:39.957" endtime="20241118 19:53:41.593"/>
</kw>
<status status="PASS" starttime="20241118 19:53:39.956" endtime="20241118 19:53:41.593"/>
</kw>
<kw name="Set Password">
<arg>ValidPass123</arg>
<kw name="Input Text" library="SeleniumLibrary">
<arg>password</arg>
<arg>${password}</arg>
<doc>Types the given ``text`` into the text field identified by ``locator``.</doc>
<msg timestamp="20241118 19:53:41.595" level="INFO">Typing text 'ValidPass123' into text field 'password'.</msg>
<status status="PASS" starttime="20241118 19:53:41.595" endtime="20241118 19:53:43.239"/>
</kw>
<status status="PASS" starttime="20241118 19:53:41.594" endtime="20241118 19:53:43.239"/>
</kw>
<kw name="Confirm Password">
<arg>ValidPass123</arg>
<kw name="Input Text" library="SeleniumLibrary">
<arg>password_confirmation</arg>
<arg>${password_confirmation}</arg>
<doc>Types the given ``text`` into the text field identified by ``locator``.</doc>
<msg timestamp="20241118 19:53:43.242" level="INFO">Typing text 'ValidPass123' into text field 'password_confirmation'.</msg>
<status status="PASS" starttime="20241118 19:53:43.241" endtime="20241118 19:53:44.892"/>
</kw>
<status status="PASS" starttime="20241118 19:53:43.240" endtime="20241118 19:53:44.892"/>
</kw>
<kw name="Submit Registration">
<kw name="Click Button" library="SeleniumLibrary">
<arg>Register</arg>
<doc>Clicks the button identified by ``locator``.</doc>
<msg timestamp="20241118 19:53:44.896" level="INFO">Clicking button 'Register'.</msg>
<status status="PASS" starttime="20241118 19:53:44.894" endtime="20241118 19:53:47.028"/>
</kw>
<status status="PASS" starttime="20241118 19:53:44.893" endtime="20241118 19:53:47.029"/>
</kw>
<kw name="Registration Should Succeed">
<kw name="Main Page Should Be Open" library="resource">
<kw name="Title Should Be" library="SeleniumLibrary">
<arg>Welcome to Ohtu Application!</arg>
<doc>Verifies that the current page title equals ``title``.</doc>
<msg timestamp="20241118 19:53:47.541" level="INFO">Page title is 'Welcome to Ohtu Application!'.</msg>
<status status="PASS" starttime="20241118 19:53:47.031" endtime="20241118 19:53:47.541"/>
</kw>
<kw name="Page Should Contain Element" library="SeleniumLibrary">
<arg>link=Logout</arg>
<doc>Verifies that element ``locator`` is found on the current page.</doc>
<msg timestamp="20241118 19:53:49.188" level="INFO" html="true">&lt;/td&gt;&lt;/tr&gt;&lt;tr&gt;&lt;td colspan="3"&gt;&lt;a href="selenium-screenshot-12.png"&gt;&lt;img src="selenium-screenshot-12.png" width="800px"&gt;&lt;/a&gt;</msg>
<msg timestamp="20241118 19:53:49.189" level="FAIL">Page should have contained element 'link=Logout' but did not.</msg>
<status status="FAIL" starttime="20241118 19:53:47.542" endtime="20241118 19:53:49.189"/>
</kw>
<status status="FAIL" starttime="20241118 19:53:47.030" endtime="20241118 19:53:49.189"/>
</kw>
<status status="FAIL" starttime="20241118 19:53:47.029" endtime="20241118 19:53:49.190"/>
</kw>
<kw name="Logout">
<status status="NOT RUN" starttime="20241118 19:53:49.190" endtime="20241118 19:53:49.190"/>
</kw>
<kw name="Reset Application Create User And Go To Register Page" library="resource">
<status status="NOT RUN" starttime="20241118 19:53:49.190" endtime="20241118 19:53:49.191"/>
</kw>
<kw name="Set Username">
<arg>validuser</arg>
<status status="NOT RUN" starttime="20241118 19:53:49.191" endtime="20241118 19:53:49.191"/>
</kw>
<kw name="Set Password">
<arg>AnotherValidPass123</arg>
<status status="NOT RUN" starttime="20241118 19:53:49.191" endtime="20241118 19:53:49.191"/>
</kw>
<kw name="Confirm Password">
<arg>AnotherValidPass123</arg>
<status status="NOT RUN" starttime="20241118 19:53:49.191" endtime="20241118 19:53:49.191"/>
</kw>
<kw name="Submit Registration">
<status status="NOT RUN" starttime="20241118 19:53:49.192" endtime="20241118 19:53:49.192"/>
</kw>
<kw name="Registration Should Fail With Message">
<arg>Username is already taken</arg>
<status status="NOT RUN" starttime="20241118 19:53:49.192" endtime="20241118 19:53:49.192"/>
</kw>
<status status="FAIL" starttime="20241118 19:53:39.422" endtime="20241118 19:53:49.193">Page should have contained element 'link=Logout' but did not.</status>
</test>
<test id="s1-t7" name="Login After Successful Registration" line="58">
<kw name="Reset Application Create User And Go To Register Page" library="resource" type="SETUP">
<kw name="Reset Application" library="AppLibrary">
<status status="PASS" starttime="20241118 19:53:49.194" endtime="20241118 19:53:49.199"/>
</kw>
<kw name="Go To Register Page" library="resource">
<kw name="Go To" library="SeleniumLibrary">
<arg>${REGISTER_URL}</arg>
<doc>Navigates the current browser window to the provided ``url``.</doc>
<msg timestamp="20241118 19:53:49.200" level="INFO">Opening url 'http://localhost:5001/register'</msg>
<status status="PASS" starttime="20241118 19:53:49.200" endtime="20241118 19:53:49.760"/>
</kw>
<status status="PASS" starttime="20241118 19:53:49.199" endtime="20241118 19:53:49.760"/>
</kw>
<status status="PASS" starttime="20241118 19:53:49.194" endtime="20241118 19:53:49.760"/>
</kw>
<kw name="Set Username">
<arg>successfuluser</arg>
<kw name="Input Text" library="SeleniumLibrary">
<arg>username</arg>
<arg>${username}</arg>
<doc>Types the given ``text`` into the text field identified by ``locator``.</doc>
<msg timestamp="20241118 19:53:49.763" level="INFO">Typing text 'successfuluser' into text field 'username'.</msg>
<status status="PASS" starttime="20241118 19:53:49.761" endtime="20241118 19:53:51.425"/>
</kw>
<status status="PASS" starttime="20241118 19:53:49.761" endtime="20241118 19:53:51.426"/>
</kw>
<kw name="Set Password">
<arg>ValidPass123</arg>
<kw name="Input Text" library="SeleniumLibrary">
<arg>password</arg>
<arg>${password}</arg>
<doc>Types the given ``text`` into the text field identified by ``locator``.</doc>
<msg timestamp="20241118 19:53:51.429" level="INFO">Typing text 'ValidPass123' into text field 'password'.</msg>
<status status="PASS" starttime="20241118 19:53:51.427" endtime="20241118 19:53:53.074"/>
</kw>
<status status="PASS" starttime="20241118 19:53:51.426" endtime="20241118 19:53:53.074"/>
</kw>
<kw name="Confirm Password">
<arg>ValidPass123</arg>
<kw name="Input Text" library="SeleniumLibrary">
<arg>password_confirmation</arg>
<arg>${password_confirmation}</arg>
<doc>Types the given ``text`` into the text field identified by ``locator``.</doc>
<msg timestamp="20241118 19:53:53.077" level="INFO">Typing text 'ValidPass123' into text field 'password_confirmation'.</msg>
<status status="PASS" starttime="20241118 19:53:53.075" endtime="20241118 19:53:54.742"/>
</kw>
<status status="PASS" starttime="20241118 19:53:53.074" endtime="20241118 19:53:54.743"/>
</kw>
<kw name="Submit Registration">
<kw name="Click Button" library="SeleniumLibrary">
<arg>Register</arg>
<doc>Clicks the button identified by ``locator``.</doc>
<msg timestamp="20241118 19:53:54.745" level="INFO">Clicking button 'Register'.</msg>
<status status="PASS" starttime="20241118 19:53:54.744" endtime="20241118 19:53:56.909"/>
</kw>
<status status="PASS" starttime="20241118 19:53:54.743" endtime="20241118 19:53:56.909"/>
</kw>
<kw name="Registration Should Succeed">
<kw name="Main Page Should Be Open" library="resource">
<kw name="Title Should Be" library="SeleniumLibrary">
<arg>Welcome to Ohtu Application!</arg>
<doc>Verifies that the current page title equals ``title``.</doc>
<msg timestamp="20241118 19:53:57.433" level="INFO">Page title is 'Welcome to Ohtu Application!'.</msg>
<status status="PASS" starttime="20241118 19:53:56.911" endtime="20241118 19:53:57.433"/>
</kw>
<kw name="Page Should Contain Element" library="SeleniumLibrary">
<arg>link=Logout</arg>
<doc>Verifies that element ``locator`` is found on the current page.</doc>
<msg timestamp="20241118 19:53:59.120" level="INFO" html="true">&lt;/td&gt;&lt;/tr&gt;&lt;tr&gt;&lt;td colspan="3"&gt;&lt;a href="selenium-screenshot-13.png"&gt;&lt;img src="selenium-screenshot-13.png" width="800px"&gt;&lt;/a&gt;</msg>
<msg timestamp="20241118 19:53:59.121" level="FAIL">Page should have contained element 'link=Logout' but did not.</msg>
<status status="FAIL" starttime="20241118 19:53:57.434" endtime="20241118 19:53:59.121"/>
</kw>
<status status="FAIL" starttime="20241118 19:53:56.910" endtime="20241118 19:53:59.121"/>
</kw>
<status status="FAIL" starttime="20241118 19:53:56.909" endtime="20241118 19:53:59.122"/>
</kw>
<kw name="Logout">
<status status="NOT RUN" starttime="20241118 19:53:59.122" endtime="20241118 19:53:59.122"/>
</kw>
<kw name="Go To Login Page">
<status status="NOT RUN" starttime="20241118 19:53:59.122" endtime="20241118 19:53:59.122"/>
</kw>
<kw name="Set Username">
<arg>successfuluser</arg>
<status status="NOT RUN" starttime="20241118 19:53:59.123" endtime="20241118 19:53:59.123"/>
</kw>
<kw name="Set Password">
<arg>ValidPass123</arg>
<status status="NOT RUN" starttime="20241118 19:53:59.123" endtime="20241118 19:53:59.123"/>
</kw>
<kw name="Submit Credentials">
<status status="NOT RUN" starttime="20241118 19:53:59.123" endtime="20241118 19:53:59.123"/>
</kw>
<kw name="Login Should Succeed">
<status status="NOT RUN" starttime="20241118 19:53:59.123" endtime="20241118 19:53:59.123"/>
</kw>
<status status="FAIL" starttime="20241118 19:53:49.193" endtime="20241118 19:53:59.124">Page should have contained element 'link=Logout' but did not.</status>
</test>
<test id="s1-t8" name="Login After Failed Registration" line="71">
<kw name="Reset Application Create User And Go To Register Page" library="resource" type="SETUP">
<kw name="Reset Application" library="AppLibrary">
<status status="PASS" starttime="20241118 19:53:59.125" endtime="20241118 19:53:59.132"/>
</kw>
<kw name="Go To Register Page" library="resource">
<kw name="Go To" library="SeleniumLibrary">
<arg>${REGISTER_URL}</arg>
<doc>Navigates the current browser window to the provided ``url``.</doc>
<msg timestamp="20241118 19:53:59.133" level="INFO">Opening url 'http://localhost:5001/register'</msg>
<status status="PASS" starttime="20241118 19:53:59.133" endtime="20241118 19:53:59.690"/>
</kw>
<status status="PASS" starttime="20241118 19:53:59.132" endtime="20241118 19:53:59.690"/>
</kw>
<status status="PASS" starttime="20241118 19:53:59.125" endtime="20241118 19:53:59.691"/>
</kw>
<kw name="Set Username">
<arg>invaliduser</arg>
<kw name="Input Text" library="SeleniumLibrary">
<arg>username</arg>
<arg>${username}</arg>
<doc>Types the given ``text`` into the text field identified by ``locator``.</doc>
<msg timestamp="20241118 19:53:59.694" level="INFO">Typing text 'invaliduser' into text field 'username'.</msg>
<status status="PASS" starttime="20241118 19:53:59.692" endtime="20241118 19:54:01.331"/>
</kw>
<status status="PASS" starttime="20241118 19:53:59.691" endtime="20241118 19:54:01.331"/>
</kw>
<kw name="Set Password">
<arg>short</arg>
<kw name="Input Text" library="SeleniumLibrary">
<arg>password</arg>
<arg>${password}</arg>
<doc>Types the given ``text`` into the text field identified by ``locator``.</doc>
<msg timestamp="20241118 19:54:01.334" level="INFO">Typing text 'short' into text field 'password'.</msg>
<status status="PASS" starttime="20241118 19:54:01.333" endtime="20241118 19:54:02.956"/>
</kw>
<status status="PASS" starttime="20241118 19:54:01.332" endtime="20241118 19:54:02.956"/>
</kw>
<kw name="Confirm Password">
<arg>short</arg>
<kw name="Input Text" library="SeleniumLibrary">
<arg>password_confirmation</arg>
<arg>${password_confirmation}</arg>
<doc>Types the given ``text`` into the text field identified by ``locator``.</doc>
<msg timestamp="20241118 19:54:02.958" level="INFO">Typing text 'short' into text field 'password_confirmation'.</msg>
<status status="PASS" starttime="20241118 19:54:02.957" endtime="20241118 19:54:04.594"/>
</kw>
<status status="PASS" starttime="20241118 19:54:02.956" endtime="20241118 19:54:04.594"/>
</kw>
<kw name="Submit Registration">
<kw name="Click Button" library="SeleniumLibrary">
<arg>Register</arg>
<doc>Clicks the button identified by ``locator``.</doc>
<msg timestamp="20241118 19:54:04.596" level="INFO">Clicking button 'Register'.</msg>
<status status="PASS" starttime="20241118 19:54:04.595" endtime="20241118 19:54:06.722"/>
</kw>
<status status="PASS" starttime="20241118 19:54:04.594" endtime="20241118 19:54:06.722"/>
</kw>
<kw name="Registration Should Fail With Message">
<arg>Password must be at least 8 characters long</arg>
<kw name="Register Page Should Be Open" library="resource">
<kw name="Title Should Be" library="SeleniumLibrary">
<arg>Register</arg>
<doc>Verifies that the current page title equals ``title``.</doc>
<msg timestamp="20241118 19:54:07.237" level="INFO">Page title is 'Register'.</msg>
<status status="PASS" starttime="20241118 19:54:06.725" endtime="20241118 19:54:07.238"/>
</kw>
<status status="PASS" starttime="20241118 19:54:06.724" endtime="20241118 19:54:07.238"/>
</kw>
<kw name="Page Should Contain" library="SeleniumLibrary">
<arg>${message}</arg>
<doc>Verifies that current page contains ``text``.</doc>
<msg timestamp="20241118 19:54:08.268" level="INFO">Current page contains text 'Password must be at least 8 characters long'.</msg>
<status status="PASS" starttime="20241118 19:54:07.238" endtime="20241118 19:54:08.268"/>
</kw>
<status status="PASS" starttime="20241118 19:54:06.723" endtime="20241118 19:54:08.269"/>
</kw>
<kw name="Go To Login Page">
<kw name="Go To" library="SeleniumLibrary">
<arg>${LOGIN_URL}</arg>
<doc>Navigates the current browser window to the provided ``url``.</doc>
<msg timestamp="20241118 19:54:08.271" level="INFO">Opening url 'http://localhost:5001/login'</msg>
<status status="PASS" starttime="20241118 19:54:08.270" endtime="20241118 19:54:08.836"/>
</kw>
<status status="PASS" starttime="20241118 19:54:08.269" endtime="20241118 19:54:08.836"/>
</kw>
<kw name="Set Username">
<arg>invaliduser</arg>
<kw name="Input Text" library="SeleniumLibrary">
<arg>username</arg>
<arg>${username}</arg>
<doc>Types the given ``text`` into the text field identified by ``locator``.</doc>
<msg timestamp="20241118 19:54:08.839" level="INFO">Typing text 'invaliduser' into text field 'username'.</msg>
<status status="PASS" starttime="20241118 19:54:08.838" endtime="20241118 19:54:10.477"/>
</kw>
<status status="PASS" starttime="20241118 19:54:08.837" endtime="20241118 19:54:10.478"/>
</kw>
<kw name="Set Password">
<arg>short</arg>
<kw name="Input Text" library="SeleniumLibrary">
<arg>password</arg>
<arg>${password}</arg>
<doc>Types the given ``text`` into the text field identified by ``locator``.</doc>
<msg timestamp="20241118 19:54:10.479" level="INFO">Typing text 'short' into text field 'password'.</msg>
<status status="PASS" starttime="20241118 19:54:10.479" endtime="20241118 19:54:12.106"/>
</kw>
<status status="PASS" starttime="20241118 19:54:10.478" endtime="20241118 19:54:12.106"/>
</kw>
<kw name="Submit Credentials">
<kw name="Click Button" library="SeleniumLibrary">
<arg>Login</arg>
<doc>Clicks the button identified by ``locator``.</doc>
<msg timestamp="20241118 19:54:12.109" level="INFO">Clicking button 'Login'.</msg>
<status status="PASS" starttime="20241118 19:54:12.108" endtime="20241118 19:54:14.227"/>
</kw>
<status status="PASS" starttime="20241118 19:54:12.107" endtime="20241118 19:54:14.227"/>
</kw>
<kw name="Login Should Fail With Message">
<arg>Invalid username or password</arg>
<kw name="Login Page Should Be Open" library="resource">
<kw name="Title Should Be" library="SeleniumLibrary">
<arg>Login</arg>
<doc>Verifies that the current page title equals ``title``.</doc>
<msg timestamp="20241118 19:54:14.740" level="INFO">Page title is 'Login'.</msg>
<status status="PASS" starttime="20241118 19:54:14.228" endtime="20241118 19:54:14.741"/>
</kw>
<status status="PASS" starttime="20241118 19:54:14.228" endtime="20241118 19:54:14.741"/>
</kw>
<kw name="Page Should Contain" library="SeleniumLibrary">
<arg>${message}</arg>
<doc>Verifies that current page contains ``text``.</doc>
<msg timestamp="20241118 19:54:15.783" level="INFO">Current page contains text 'Invalid username or password'.</msg>
<status status="PASS" starttime="20241118 19:54:14.741" endtime="20241118 19:54:15.784"/>
</kw>
<status status="PASS" starttime="20241118 19:54:14.227" endtime="20241118 19:54:15.784"/>
</kw>
<status status="PASS" starttime="20241118 19:53:59.124" endtime="20241118 19:54:15.785"/>
</test>
<kw name="Close Browser" library="SeleniumLibrary" type="TEARDOWN">
<doc>Closes the current browser.</doc>
<status status="PASS" starttime="20241118 19:54:15.787" endtime="20241118 19:54:16.351"/>
</kw>
<status status="FAIL" starttime="20241118 19:52:51.897" endtime="20241118 19:54:16.352"/>
</suite>
<statistics>
<total>
<stat pass="5" fail="3" skip="0">All Tests</stat>
</total>
<tag>
</tag>
<suite>
<stat pass="5" fail="3" skip="0" id="s1" name="Register">Register</stat>
</suite>
</statistics>
<errors>
</errors>
</robot>
