<?xml version="1.0" encoding="UTF-8"?>
<robot generator="Robot 6.1.1 (Python 3.10.12 on linux)" generated="20241118 18:57:55.765" rpa="false" schemaversion="4">
<suite id="s1" name="Login" source="/home/rexera/palautusrepositorio/viikko3/web-login/src/tests/login.robot">
<kw name="Open And Configure Browser" library="resource" type="SETUP">
<if>
<branch type="IF" condition="$BROWSER == 'chrome'">
<kw name="Evaluate" library="BuiltIn">
<var>${options}</var>
<arg>sys.modules['selenium.webdriver'].ChromeOptions()</arg>
<arg>sys</arg>
<doc>Evaluates the given expression in Python and returns the result.</doc>
<msg timestamp="20241118 18:57:56.055" level="INFO">${options} = &lt;selenium.webdriver.chrome.options.Options object at 0x712ed7b87460&gt;</msg>
<status status="PASS" starttime="20241118 18:57:56.054" endtime="20241118 18:57:56.055"/>
</kw>
<status status="PASS" starttime="20241118 18:57:56.038" endtime="20241118 18:57:56.055"/>
</branch>
<branch type="ELSE IF" condition="$BROWSER == 'firefox'">
<kw name="Evaluate" library="BuiltIn">
<var>${options}</var>
<arg>sys.modules['selenium.webdriver'].FirefoxOptions()</arg>
<arg>sys</arg>
<doc>Evaluates the given expression in Python and returns the result.</doc>
<status status="NOT RUN" starttime="20241118 18:57:56.055" endtime="20241118 18:57:56.055"/>
</kw>
<status status="NOT RUN" starttime="20241118 18:57:56.055" endtime="20241118 18:57:56.055"/>
</branch>
<status status="PASS" starttime="20241118 18:57:56.038" endtime="20241118 18:57:56.055"/>
</if>
<if>
<branch type="IF" condition="$HEADLESS == 'true'">
<kw name="Set Selenium Speed" library="SeleniumLibrary">
<arg>0</arg>
<doc>Sets the delay that is waited after each Selenium command.</doc>
<status status="NOT RUN" starttime="20241118 18:57:56.055" endtime="20241118 18:57:56.055"/>
</kw>
<kw name="Call Method" library="BuiltIn">
<arg>${options}</arg>
<arg>add_argument</arg>
<arg>--headless</arg>
<doc>Calls the named method of the given object with the provided arguments.</doc>
<status status="NOT RUN" starttime="20241118 18:57:56.056" endtime="20241118 18:57:56.056"/>
</kw>
<status status="NOT RUN" starttime="20241118 18:57:56.055" endtime="20241118 18:57:56.056"/>
</branch>
<branch type="ELSE">
<kw name="Set Selenium Speed" library="SeleniumLibrary">
<arg>${DELAY}</arg>
<doc>Sets the delay that is waited after each Selenium command.</doc>
<status status="PASS" starttime="20241118 18:57:56.056" endtime="20241118 18:57:56.056"/>
</kw>
<status status="PASS" starttime="20241118 18:57:56.056" endtime="20241118 18:57:56.056"/>
</branch>
<status status="PASS" starttime="20241118 18:57:56.055" endtime="20241118 18:57:56.056"/>
</if>
<kw name="Open Browser" library="SeleniumLibrary">
<arg>browser=${BROWSER}</arg>
<arg>options=${options}</arg>
<doc>Opens a new browser instance to the optional ``url``.</doc>
<msg timestamp="20241118 18:57:56.057" level="INFO">Opening browser 'chrome' to base url 'None'.</msg>
<status status="PASS" starttime="20241118 18:57:56.056" endtime="20241118 18:57:56.799"/>
</kw>
<status status="PASS" starttime="20241118 18:57:56.038" endtime="20241118 18:57:56.799"/>
</kw>
<test id="s1-t1" name="Login With Correct Credentials" line="8">
<kw name="Reset Application Create User And Go To Login Page" type="SETUP">
<kw name="Reset Application" library="AppLibrary">
<status status="PASS" starttime="20241118 18:57:56.800" endtime="20241118 18:57:56.806"/>
</kw>
<kw name="Create User" library="AppLibrary">
<arg>kalle</arg>
<arg>kalle123</arg>
<status status="PASS" starttime="20241118 18:57:56.806" endtime="20241118 18:57:56.823"/>
</kw>
<kw name="Go To Login Page" library="resource">
<kw name="Go To" library="SeleniumLibrary">
<arg>${LOGIN_URL}</arg>
<doc>Navigates the current browser window to the provided ``url``.</doc>
<msg timestamp="20241118 18:57:56.824" level="INFO">Opening url 'http://localhost:5001/login'</msg>
<status status="PASS" starttime="20241118 18:57:56.823" endtime="20241118 18:57:57.409"/>
</kw>
<status status="PASS" starttime="20241118 18:57:56.823" endtime="20241118 18:57:57.409"/>
</kw>
<status status="PASS" starttime="20241118 18:57:56.800" endtime="20241118 18:57:57.409"/>
</kw>
<kw name="Set Username">
<arg>kalle</arg>
<kw name="Input Text" library="SeleniumLibrary">
<arg>username</arg>
<arg>${username}</arg>
<doc>Types the given ``text`` into the text field identified by ``locator``.</doc>
<msg timestamp="20241118 18:57:57.413" level="INFO">Typing text 'kalle' into text field 'username'.</msg>
<status status="PASS" starttime="20241118 18:57:57.411" endtime="20241118 18:57:59.083"/>
</kw>
<status status="PASS" starttime="20241118 18:57:57.410" endtime="20241118 18:57:59.083"/>
</kw>
<kw name="Set Password">
<arg>kalle123</arg>
<kw name="Input Password" library="SeleniumLibrary">
<arg>password</arg>
<arg>${password}</arg>
<doc>Types the given password into the text field identified by ``locator``.</doc>
<msg timestamp="20241118 18:57:59.086" level="INFO">Typing password into text field 'password'.</msg>
<msg timestamp="20241118 18:58:00.148" level="INFO">Temporally setting log level to: NONE</msg>
<msg timestamp="20241118 18:58:00.723" level="INFO">Log level changed from NONE to INFO.</msg>
<status status="PASS" starttime="20241118 18:57:59.085" endtime="20241118 18:58:00.723"/>
</kw>
<status status="PASS" starttime="20241118 18:57:59.084" endtime="20241118 18:58:00.723"/>
</kw>
<kw name="Submit Credentials">
<kw name="Click Button" library="SeleniumLibrary">
<arg>Login</arg>
<doc>Clicks the button identified by ``locator``.</doc>
<msg timestamp="20241118 18:58:00.726" level="INFO">Clicking button 'Login'.</msg>
<status status="PASS" starttime="20241118 18:58:00.725" endtime="20241118 18:58:02.900"/>
</kw>
<status status="PASS" starttime="20241118 18:58:00.724" endtime="20241118 18:58:02.901"/>
</kw>
<kw name="Login Should Succeed">
<kw name="Main Page Should Be Open" library="resource">
<kw name="Title Should Be" library="SeleniumLibrary">
<arg>Ohtu Application main page</arg>
<doc>Verifies that the current page title equals ``title``.</doc>
<msg timestamp="20241118 18:58:03.415" level="INFO">Page title is 'Ohtu Application main page'.</msg>
<status status="PASS" starttime="20241118 18:58:02.902" endtime="20241118 18:58:03.416"/>
</kw>
<status status="PASS" starttime="20241118 18:58:02.902" endtime="20241118 18:58:03.416"/>
</kw>
<status status="PASS" starttime="20241118 18:58:02.901" endtime="20241118 18:58:03.416"/>
</kw>
<status status="PASS" starttime="20241118 18:57:56.799" endtime="20241118 18:58:03.417"/>
</test>
<test id="s1-t2" name="Login With Incorrect Password" line="14">
<kw name="Reset Application Create User And Go To Login Page" type="SETUP">
<kw name="Reset Application" library="AppLibrary">
<status status="PASS" starttime="20241118 18:58:03.419" endtime="20241118 18:58:03.425"/>
</kw>
<kw name="Create User" library="AppLibrary">
<arg>kalle</arg>
<arg>kalle123</arg>
<status status="PASS" starttime="20241118 18:58:03.425" endtime="20241118 18:58:03.436"/>
</kw>
<kw name="Go To Login Page" library="resource">
<kw name="Go To" library="SeleniumLibrary">
<arg>${LOGIN_URL}</arg>
<doc>Navigates the current browser window to the provided ``url``.</doc>
<msg timestamp="20241118 18:58:03.438" level="INFO">Opening url 'http://localhost:5001/login'</msg>
<status status="PASS" starttime="20241118 18:58:03.437" endtime="20241118 18:58:03.991"/>
</kw>
<status status="PASS" starttime="20241118 18:58:03.437" endtime="20241118 18:58:03.991"/>
</kw>
<status status="PASS" starttime="20241118 18:58:03.419" endtime="20241118 18:58:03.991"/>
</kw>
<kw name="Set Username">
<arg>kalle</arg>
<kw name="Input Text" library="SeleniumLibrary">
<arg>username</arg>
<arg>${username}</arg>
<doc>Types the given ``text`` into the text field identified by ``locator``.</doc>
<msg timestamp="20241118 18:58:03.994" level="INFO">Typing text 'kalle' into text field 'username'.</msg>
<status status="PASS" starttime="20241118 18:58:03.993" endtime="20241118 18:58:05.627"/>
</kw>
<status status="PASS" starttime="20241118 18:58:03.992" endtime="20241118 18:58:05.628"/>
</kw>
<kw name="Set Password">
<arg>kalle456</arg>
<kw name="Input Password" library="SeleniumLibrary">
<arg>password</arg>
<arg>${password}</arg>
<doc>Types the given password into the text field identified by ``locator``.</doc>
<msg timestamp="20241118 18:58:05.631" level="INFO">Typing password into text field 'password'.</msg>
<msg timestamp="20241118 18:58:06.686" level="INFO">Temporally setting log level to: NONE</msg>
<msg timestamp="20241118 18:58:07.266" level="INFO">Log level changed from NONE to INFO.</msg>
<status status="PASS" starttime="20241118 18:58:05.629" endtime="20241118 18:58:07.267"/>
</kw>
<status status="PASS" starttime="20241118 18:58:05.628" endtime="20241118 18:58:07.267"/>
</kw>
<kw name="Submit Credentials">
<kw name="Click Button" library="SeleniumLibrary">
<arg>Login</arg>
<doc>Clicks the button identified by ``locator``.</doc>
<msg timestamp="20241118 18:58:07.270" level="INFO">Clicking button 'Login'.</msg>
<status status="PASS" starttime="20241118 18:58:07.268" endtime="20241118 18:58:09.379"/>
</kw>
<status status="PASS" starttime="20241118 18:58:07.268" endtime="20241118 18:58:09.380"/>
</kw>
<kw name="Login Should Fail With Message">
<arg>Invalid username or password</arg>
<kw name="Login Page Should Be Open" library="resource">
<kw name="Title Should Be" library="SeleniumLibrary">
<arg>Login</arg>
<doc>Verifies that the current page title equals ``title``.</doc>
<msg timestamp="20241118 18:58:09.896" level="INFO">Page title is 'Login'.</msg>
<status status="PASS" starttime="20241118 18:58:09.382" endtime="20241118 18:58:09.897"/>
</kw>
<status status="PASS" starttime="20241118 18:58:09.381" endtime="20241118 18:58:09.897"/>
</kw>
<kw name="Page Should Contain" library="SeleniumLibrary">
<arg>${message}</arg>
<doc>Verifies that current page contains ``text``.</doc>
<msg timestamp="20241118 18:58:10.931" level="INFO">Current page contains text 'Invalid username or password'.</msg>
<status status="PASS" starttime="20241118 18:58:09.897" endtime="20241118 18:58:10.931"/>
</kw>
<status status="PASS" starttime="20241118 18:58:09.380" endtime="20241118 18:58:10.932"/>
</kw>
<status status="PASS" starttime="20241118 18:58:03.418" endtime="20241118 18:58:10.932"/>
</test>
<test id="s1-t3" name="Login With Nonexistent Username" line="20">
<kw name="Reset Application Create User And Go To Login Page" type="SETUP">
<kw name="Reset Application" library="AppLibrary">
<status status="PASS" starttime="20241118 18:58:10.935" endtime="20241118 18:58:10.940"/>
</kw>
<kw name="Create User" library="AppLibrary">
<arg>kalle</arg>
<arg>kalle123</arg>
<status status="PASS" starttime="20241118 18:58:10.941" endtime="20241118 18:58:10.952"/>
</kw>
<kw name="Go To Login Page" library="resource">
<kw name="Go To" library="SeleniumLibrary">
<arg>${LOGIN_URL}</arg>
<doc>Navigates the current browser window to the provided ``url``.</doc>
<msg timestamp="20241118 18:58:10.953" level="INFO">Opening url 'http://localhost:5001/login'</msg>
<status status="PASS" starttime="20241118 18:58:10.953" endtime="20241118 18:58:11.499"/>
</kw>
<status status="PASS" starttime="20241118 18:58:10.952" endtime="20241118 18:58:11.499"/>
</kw>
<status status="PASS" starttime="20241118 18:58:10.934" endtime="20241118 18:58:11.499"/>
</kw>
<kw name="Set Username">
<arg>nonexistent_user</arg>
<kw name="Input Text" library="SeleniumLibrary">
<arg>username</arg>
<arg>${username}</arg>
<doc>Types the given ``text`` into the text field identified by ``locator``.</doc>
<msg timestamp="20241118 18:58:11.501" level="INFO">Typing text 'nonexistent_user' into text field 'username'.</msg>
<status status="PASS" starttime="20241118 18:58:11.500" endtime="20241118 18:58:13.153"/>
</kw>
<status status="PASS" starttime="20241118 18:58:11.499" endtime="20241118 18:58:13.153"/>
</kw>
<kw name="Set Password">
<arg>somepassword</arg>
<kw name="Input Password" library="SeleniumLibrary">
<arg>password</arg>
<arg>${password}</arg>
<doc>Types the given password into the text field identified by ``locator``.</doc>
<msg timestamp="20241118 18:58:13.155" level="INFO">Typing password into text field 'password'.</msg>
<msg timestamp="20241118 18:58:14.219" level="INFO">Temporally setting log level to: NONE</msg>
<msg timestamp="20241118 18:58:14.811" level="INFO">Log level changed from NONE to INFO.</msg>
<status status="PASS" starttime="20241118 18:58:13.154" endtime="20241118 18:58:14.811"/>
</kw>
<status status="PASS" starttime="20241118 18:58:13.153" endtime="20241118 18:58:14.812"/>
</kw>
<kw name="Submit Credentials">
<kw name="Click Button" library="SeleniumLibrary">
<arg>Login</arg>
<doc>Clicks the button identified by ``locator``.</doc>
<msg timestamp="20241118 18:58:14.814" level="INFO">Clicking button 'Login'.</msg>
<status status="PASS" starttime="20241118 18:58:14.813" endtime="20241118 18:58:16.932"/>
</kw>
<status status="PASS" starttime="20241118 18:58:14.812" endtime="20241118 18:58:16.932"/>
</kw>
<kw name="Login Should Fail With Message">
<arg>Invalid username or password</arg>
<kw name="Login Page Should Be Open" library="resource">
<kw name="Title Should Be" library="SeleniumLibrary">
<arg>Login</arg>
<doc>Verifies that the current page title equals ``title``.</doc>
<msg timestamp="20241118 18:58:17.447" level="INFO">Page title is 'Login'.</msg>
<status status="PASS" starttime="20241118 18:58:16.934" endtime="20241118 18:58:17.448"/>
</kw>
<status status="PASS" starttime="20241118 18:58:16.934" endtime="20241118 18:58:17.448"/>
</kw>
<kw name="Page Should Contain" library="SeleniumLibrary">
<arg>${message}</arg>
<doc>Verifies that current page contains ``text``.</doc>
<msg timestamp="20241118 18:58:18.476" level="INFO">Current page contains text 'Invalid username or password'.</msg>
<status status="PASS" starttime="20241118 18:58:17.449" endtime="20241118 18:58:18.477"/>
</kw>
<status status="PASS" starttime="20241118 18:58:16.933" endtime="20241118 18:58:18.477"/>
</kw>
<status status="PASS" starttime="20241118 18:58:10.933" endtime="20241118 18:58:18.477"/>
</test>
<kw name="Close Browser" library="SeleniumLibrary" type="TEARDOWN">
<doc>Closes the current browser.</doc>
<status status="PASS" starttime="20241118 18:58:18.479" endtime="20241118 18:58:19.042"/>
</kw>
<status status="PASS" starttime="20241118 18:57:55.766" endtime="20241118 18:58:19.042"/>
</suite>
<statistics>
<total>
<stat pass="3" fail="0" skip="0">All Tests</stat>
</total>
<tag>
</tag>
<suite>
<stat pass="3" fail="0" skip="0" id="s1" name="Login">Login</stat>
</suite>
</statistics>
<errors>
</errors>
</robot>
